NAME:Aarav
NAME:Aaron
NAME:Abdiel
NAME:Abdullah
NAME:Abel
NAME:Abraham
NAME:Abram
NAME:Ace
NAME:Adam
NAME:Aditya
NAME:Adonis
NAME:Adrian
NAME:Adriel
NAME:Agustin
NAME:Ahmad
NAME:Ahmed
NAME:Aiden
NAME:Alan
NAME:Albert
NAME:Alberto
NAME:Alden
NAME:Aldo
NAME:Alec
NAME:Alejandro
NAME:Alexander
NAME:Alexis
NAME:Alfie
NAME:Alfonso
NAME:Alfred
NAME:Alfredo
NAME:Ali
NAME:Alijah
NAME:Alonso
NAME:Alvaro
NAME:Alvin
NAME:Amare
NAME:Amari
NAME:Ameer
NAME:Amos
NAME:Anders
NAME:Anderson
NAME:Andre
NAME:Andres
NAME:Andrew
NAME:Angel
NAME:Angelo
NAME:Anthony
NAME:Antoine
NAME:Anton
NAME:Antonio
NAME:Apollo
NAME:Archer
NAME:Arden
NAME:Ari
NAME:Arian
NAME:Ariel
NAME:Arlo
NAME:Armando
NAME:Armani
NAME:Arnav
NAME:Arthur
NAME:Arturo
NAME:Asa
NAME:Asher
NAME:Ashton
NAME:Atticus
NAME:August
NAME:Augustine
NAME:Augustus
NAME:Austin
NAME:Avery
NAME:Axel
NAME:Axton
NAME:Ayaan
NAME:Barrett
NAME:Beau
NAME:Beckett
NAME:Beckham
NAME:Benjamin
NAME:Bennett
NAME:Benson
NAME:Bentley
NAME:Benton
NAME:Blaine
NAME:Blaise
NAME:Blake
NAME:Body
NAME:Boone
NAME:Boston
NAME:Bowen
NAME:Bradley
NAME:Brady
NAME:Brandon
NAME:Branson
NAME:Brantley
NAME:Braxton
NAME:Brayden
NAME:Braylon
NAME:Brecken
NAME:Brendon
NAME:Brennan
NAME:Brent
NAME:Brentley
NAME:Brenton
NAME:Brett
NAME:Brian
NAME:Brice
NAME:Bridger
NAME:Briggs
NAME:Brock
NAME:Broderick
NAME:Brodie
NAME:Brogan
NAME:Bronson
NAME:Brooks
NAME:Bruce
NAME:Bruno
NAME:Bryant
NAME:Bryce
NAME:Bryson
NAME:Byron
NAME:Cade
NAME:Caden
NAME:Cael
NAME:Caleb
NAME:Callen
NAME:Callum
NAME:Calvin
NAME:Camden
NAME:Cameron
NAME:Camilo
NAME:Cannon
NAME:Carl
NAME:Carlos
NAME:Carmelo
NAME:Carson
NAME:Carter
NAME:Case
NAME:Casey
NAME:Cash
NAME:Cassius
NAME:Cayden
NAME:Cayson
NAME:Cedric
NAME:Cesar
NAME:Chad
NAME:Chaim
NAME:Chance
NAME:Chandler
NAME:Channing
NAME:Charles
NAME:Chase
NAME:Chester
NAME:Christian
NAME:Christopher
NAME:Clarence
NAME:Clark
NAME:Clayton
NAME:Clinton
NAME:Cody
NAME:Cohen
NAME:Colby
NAME:Cole
NAME:Coleman
NAME:Collin
NAME:Colt
NAME:Colton
NAME:Connor
NAME:Conrad
NAME:Cooper
NAME:Corbin
NAME:Cory
NAME:Craig
NAME:Crew
NAME:Crosby
NAME:Cruz
NAME:Cullen
NAME:Curtis
NAME:Cyrus
NAME:Dakota
NAME:Dallas
NAME:Dalton
NAME:Damari
NAME:Damarion
NAME:Damion
NAME:Damon
NAME:Dane
NAME:Dangelo
NAME:Daniel
NAME:Dante
NAME:Darian
NAME:Dariel
NAME:Dario
NAME:Darius
NAME:Darnell
NAME:Darren
NAME:Darryl
NAME:Darwin
NAME:Davian
NAME:David
NAME:Davion
NAME:Davis
NAME:Davon
NAME:Dawson
NAME:Dax
NAME:Daxton
NAME:Dayton
NAME:Deacon
NAME:Dean
NAME:Deandre
NAME:Deangelo
NAME:Declan
NAME:Deegan
NAME:Demarcus
NAME:Demetrius
NAME:Dennis
NAME:Denzel
NAME:Deon
NAME:Derek
NAME:Deshawn
NAME:Desmond
NAME:Devin
NAME:Dexter
NAME:Diego
NAME:Dominique
NAME:Donald
NAME:Donovan
NAME:Donte
NAME:Dorian
NAME:Douglas
NAME:Drake
NAME:Draven
NAME:Drew
NAME:Duncan
NAME:Dustin
NAME:Dwayne
NAME:Dylan
NAME:Easton
NAME:Eden
NAME:Edgar
NAME:Edison
NAME:Eduardo
NAME:Edward
NAME:Edwin
NAME:Efrain
NAME:Eli
NAME:Elian
NAME:Elias
NAME:Elijah
NAME:Eliot
NAME:Eliseo
NAME:Elisha
NAME:Ellis
NAME:Emanuel
NAME:Emerson
NAME:Emery
NAME:Emiliano
NAME:Emilio
NAME:Emmanuel
NAME:Emmitt
NAME:Emory
NAME:Enrique
NAME:Enzo
NAME:Eric
NAME:Ernest
NAME:Ernesto
NAME:Esteban
NAME:Ethan
NAME:Eugene
NAME:Evan
NAME:Everett
NAME:Ezekiel
NAME:Ezra
NAME:Fabian
NAME:Felipe
NAME:Felix
NAME:Fernando
NAME:Finley
NAME:Finn
NAME:Finnegan
NAME:Fisher
NAME:Fletcher
NAME:Flynn
NAME:Foster
NAME:Francis
NAME:Francisco
NAME:Franco
NAME:Frank
NAME:Franklin
NAME:Fred
NAME:Frederick
NAME:Gabriel
NAME:Gael
NAME:Gage
NAME:Garrett
NAME:Gary
NAME:Gavin
NAME:George
NAME:Gerald
NAME:Gerardo
NAME:Giancarlo
NAME:Gianni
NAME:Gibson
NAME:Gideon
NAME:Gilbert
NAME:Gilberto
NAME:Giovani
NAME:Grady
NAME:Graeme
NAME:Graham
NAME:Grant
NAME:Grayson
NAME:Gregory
NAME:Griffin
NAME:Griffith
NAME:Guillermo
NAME:Gunner
NAME:Gustavo
NAME:Hamza
NAME:Hank
NAME:Harley
NAME:Harold
NAME:Harper
NAME:Harrison
NAME:Harry
NAME:Harvey
NAME:Hassan
NAME:Hayden
NAME:Hayes
NAME:Heath
NAME:Hector
NAME:Hendrix
NAME:Henry|DETAIL:Hank
NAME:Hezekiah
NAME:Holden
NAME:Houston
NAME:Howard
NAME:Hudson
NAME:Hugh
NAME:Hugo
NAME:Hunter
NAME:Ian
NAME:Ibrahim
NAME:Ignacio
NAME:Ike
NAME:Iker
NAME:Immanuel
NAME:Isaac
NAME:Isai
NAME:Isaiah
NAME:Isaias
NAME:Ishaan
NAME:Ismael
NAME:Israel
NAME:Issac
NAME:Ivan
NAME:Izaiah
NAME:Jabari
NAME:Jack
NAME:Jackson
NAME:Jacob
NAME:Jacoby
NAME:Jadiel
NAME:Jael
NAME:Jagger
NAME:Jaime
NAME:Jairo
NAME:Jalen
NAME:Jamal
NAME:Jamar
NAME:Jamari
NAME:Jamarion
NAME:James|DETAIL:Jim
NAME:Jameson
NAME:Jamie
NAME:Jamir
NAME:Jared
NAME:Jarrett
NAME:Jase
NAME:Jasiah
NAME:Jason
NAME:Jasper
NAME:Javier
NAME:Javion
NAME:Javon
NAME:Jax
NAME:Jaxton
NAME:Jay
NAME:Jayden
NAME:Jaylen
NAME:Jedidiah
NAME:Jefferson
NAME:Jeffrey
NAME:Jensen
NAME:Jeremiah
NAME:Jeremy
NAME:Jermaine
NAME:Jerome
NAME:Jerry
NAME:Jesse
NAME:Jesus
NAME:Jett
NAME:Joaquin
NAME:Joel
NAME:Johan
NAME:Johann
NAME:John
NAME:Johnny
NAME:Jonah
NAME:Jonas
NAME:Jonathan
NAME:Jordan
NAME:Jorge
NAME:Jose
NAME:Joseph
NAME:Joshua
NAME:Josiah
NAME:Josue
NAME:Jovanni
NAME:Joziah
NAME:Juan
NAME:Judah
NAME:Jude
NAME:Juelz
NAME:Julien
NAME:Julio
NAME:Julius
NAME:Junior
NAME:Justin
NAME:Justus
NAME:Kai
NAME:Kamari
NAME:Kane
NAME:Kareem
NAME:Karsen
NAME:Kason
NAME:Keagan
NAME:Keaton
NAME:Keenan
NAME:Keith
NAME:Kellan
NAME:Kelvin
NAME:Kendall
NAME:Kendrick
NAME:Kenneth
NAME:Kenny
NAME:Kevin
NAME:Khalil
NAME:Kian
NAME:Kieran
NAME:Killian
NAME:King
NAME:Kingsley
NAME:Kingston
NAME:Knox
NAME:Kobe
NAME:Kohen
NAME:Krish
NAME:Kylan
NAME:Kyle
NAME:Kyler
NAME:Kymani
NAME:Kyree
NAME:Kyson
NAME:Lamar
NAME:Lance
NAME:Landon
NAME:Landry
NAME:Lane
NAME:Larry
NAME:Lawrence
NAME:Lawson
NAME:Layton
NAME:Leandro
NAME:Lee
NAME:Legend
NAME:Leland
NAME:Lennon
NAME:Lennox
NAME:Leo
NAME:Leon
NAME:Leonard
NAME:Leonardo
NAME:Leonel
NAME:Leonidas
NAME:Leroy
NAME:Levi
NAME:Lewis
NAME:Liam
NAME:Lincoln
NAME:Lionel
NAME:Logan
NAME:London
NAME:Lorenzo
NAME:Lucas
NAME:Lucca
NAME:Lucian
NAME:Luciano
NAME:Luis
NAME:Lyric
NAME:Macguire
NAME:Mack
NAME:Madden
NAME:Maddox
NAME:Major
NAME:Makai
NAME:Malachi
NAME:Malcolm
NAME:Malik
NAME:Manuel
NAME:Marc
NAME:Marcel
NAME:Marcelo
NAME:Marco
NAME:Marcus
NAME:Mario
NAME:Mark
NAME:Marlon
NAME:Marquis
NAME:Marshall
NAME:Martin
NAME:Marvin
NAME:Mason
NAME:Mateo
NAME:Mathew
NAME:Mathias
NAME:Matias
NAME:Matteo
NAME:Maurice
NAME:Mauricio
NAME:Maverick
NAME:Max
NAME:Maxim
NAME:Maximilian
NAME:Maximiliano
NAME:Maximo
NAME:Maximus
NAME:Maxton
NAME:Maxwell
NAME:Mekhi
NAME:Melvin
NAME:Memphis
NAME:Messiah
NAME:Micah
NAME:Michael
NAME:Miguel
NAME:Miles
NAME:Milo
NAME:Misael
NAME:Mitchell
NAME:Moe
NAME:Morgan
NAME:Moses
NAME:Moshe
NAME:Muhammad
NAME:Mustafa
NAME:Nash
NAME:Nasir
NAME:Nathan
NAME:Nathaniel
NAME:Nehemiah
NAME:Neil
NAME:Nelson
NAME:Neymar
NAME:Nicholas
NAME:Niko
NAME:Nikolai
NAME:Nixon
NAME:Noah
NAME:Noe
NAME:Noel
NAME:Nolan
NAME:Oakley
NAME:Odin
NAME:Oliver
NAME:Omar
NAME:Omari
NAME:Orion
NAME:Orlando
NAME:Oscar
NAME:Osvaldo
NAME:Otis
NAME:Otto
NAME:Owen
NAME:Pablo
NAME:Parker
NAME:Patrick
NAME:Paul
NAME:Paxton
NAME:Payton
NAME:Pedro
NAME:Percival
NAME:Percy
NAME:Peter
NAME:Phillip
NAME:Phoenix
NAME:Pierce
NAME:Porter
NAME:Preston
NAME:Prince
NAME:Princeton
NAME:Quentin
NAME:Quincy
NAME:Quinn
NAME:Rafael
NAME:Raiden
NAME:Ramiro
NAME:Ramon
NAME:Randall
NAME:Randy
NAME:Raphael
NAME:Rashad
NAME:Raul
NAME:Ray
NAME:Rayan
NAME:Raylan
NAME:Raymond
NAME:Reagan
NAME:Reginald
NAME:Reid
NAME:Remington
NAME:Rene
NAME:Reuben
NAME:Rex
NAME:Rey
NAME:Rhett
NAME:Rhys
NAME:Ricardo
NAME:Richard
NAME:Riley
NAME:River
NAME:Robert|DETAIL:Bob
NAME:Roberto
NAME:Rocco
NAME:Roderick
NAME:Rodney
NAME:Rodolfo
NAME:Rodrigo
NAME:Rogelio
NAME:Roger
NAME:Roland
NAME:Rolando
NAME:Roman
NAME:Romeo
NAME:Ronald
NAME:Ronin
NAME:Rory
NAME:Ross
NAME:Rowan
NAME:Roy
NAME:Royce
NAME:Ruben
NAME:Rudy
NAME:Russell
NAME:Ryan
NAME:Ryder
NAME:Ryker
NAME:Rylan
NAME:Ryland
NAME:Rylee
NAME:Sage
NAME:Salvador
NAME:Salvatore
NAME:Sam
NAME:Samir
NAME:Samson
NAME:Samuel
NAME:Santiago
NAME:Santino
NAME:Santos
NAME:Saul
NAME:Sawyer
NAME:Scott
NAME:Sealy
NAME:Seamus
NAME:Sean
NAME:Sebastian
NAME:Semaj
NAME:Sergio
NAME:Seth
NAME:Shane
NAME:Sheldon
NAME:Sidney
NAME:Silas
NAME:Simeon
NAME:Simon
NAME:Sincere
NAME:Skylar
NAME:Solomon
NAME:Sonny
NAME:Soren
NAME:Spencer
NAME:Stanley
NAME:Stephen
NAME:Sterling
NAME:Steven
NAME:Sullivan
NAME:Talon
NAME:Tanner
NAME:Tate
NAME:Tatum
NAME:Taylor
NAME:Teagan
NAME:Terrell
NAME:Terrence
NAME:Terry
NAME:Thaddeus
NAME:Theo
NAME:Theodore
NAME:Thiago
NAME:Thomas
NAME:Timothy
NAME:Titan
NAME:Titus
NAME:Tobias
NAME:Toby
NAME:Todd
NAME:Tony
NAME:Trace
NAME:Travis
NAME:Trent
NAME:Trenton
NAME:Trevon
NAME:Trevor
NAME:Trey
NAME:Tripp
NAME:Tristan
NAME:Troy
NAME:Truman
NAME:Tucker
NAME:Turner
NAME:Ty
NAME:Tyler
NAME:Tyree
NAME:Tyrell
NAME:Tyrone
NAME:Tyson
NAME:Ulises
NAME:Uriel
NAME:Urijah
NAME:Valentin
NAME:Valentino
NAME:Van
NAME:Vance
NAME:Vaughn
NAME:Vicente
NAME:Victor
NAME:Vihaan
NAME:Vincent
NAME:Vincenzo
NAME:Wade
NAME:Walker
NAME:Walter
NAME:Warren
NAME:Waylon
NAME:Wayne
NAME:Wesley
NAME:Weston
NAME:Wilder
NAME:William
NAME:Willis
NAME:Willoughby
NAME:Wilson
NAME:Winston
NAME:Wyatt
NAME:Xavi
NAME:Xavier
NAME:Yael
NAME:Yahir
NAME:Yandel
NAME:Yehuda
NAME:Yusuf
NAME:Zachariah
NAME:Zachary
NAME:Zaid
NAME:Zaire
NAME:Zander
NAME:Zane
NAME:Zavier
NAME:Zayden
NAME:Zeke
NAME:Zion